<?xml version="1.0" encoding="UTF-8"?>
<!-- Generated by org.testng.reporters.JUnitXMLReporter -->
<testsuite hostname="DESKTOP-B9H1FSI" name="Ravi Machine Test for testing profile" tests="5" failures="0" timestamp="7 Jul 2020 22:34:30 GMT" time="0.221" errors="0">
  <testcase name="@BeforeClass open" time="0.0" classname="com.zibal.framework.testScript.TC001">
    <failure type="org.testng.TestNGException" message="
Method open requires 2 parameters but 0 were supplied in the @Configuration annotation.">
      <![CDATA[org.testng.TestNGException: 
Method open requires 2 parameters but 0 were supplied in the @Configuration annotation.
	at org.testng.internal.Parameters.checkParameterTypes(Parameters.java:193)
	at org.testng.internal.Parameters.createParameters(Parameters.java:129)
	at org.testng.internal.Parameters.createParameters(Parameters.java:378)
	at org.testng.internal.Parameters.createConfigurationParameters(Parameters.java:86)
	at org.testng.internal.Invoker.invokeConfigurations(Invoker.java:202)
	at org.testng.internal.Invoker.invokeConfigurations(Invoker.java:143)
	at org.testng.internal.TestMethodWorker.invokeBeforeClassMethods(TestMethodWorker.java:169)
	at org.testng.internal.TestMethodWorker.run(TestMethodWorker.java:108)
	at java.util.concurrent.ThreadPoolExecutor.runWorker(Unknown Source)
	at java.util.concurrent.ThreadPoolExecutor$Worker.run(Unknown Source)
	at java.lang.Thread.run(Unknown Source)
]]>
    </failure>
  </testcase> <!-- @BeforeClass open -->
  <testcase name="@AfterClass close" time="0.0" classname="com.zibal.framework.testScript.TC001">
    <skipped/>
  </testcase> <!-- @AfterClass close -->
  <testcase name="validateAddCartFunctionality" time="0.038" classname="com.zibal.framework.testScript.TC001">
    <skipped/>
  </testcase> <!-- validateAddCartFunctionality -->
  <testcase name="validateAddCartFunctionality" time="0.002" classname="com.zibal.framework.testScript.TC001">
    <skipped/>
  </testcase> <!-- validateAddCartFunctionality -->
  <testcase name="validateAddCartFunctionality" time="0.002" classname="com.zibal.framework.testScript.TC001">
    <skipped/>
  </testcase> <!-- validateAddCartFunctionality -->
  <testcase name="validateAddCartFunctionality" time="0.007" classname="com.zibal.framework.testScript.TC001">
    <skipped/>
  </testcase> <!-- validateAddCartFunctionality -->
  <testcase name="validateAddCartFunctionality" time="0.004" classname="com.zibal.framework.testScript.TC001">
    <skipped/>
  </testcase> <!-- validateAddCartFunctionality -->
</testsuite> <!-- Ravi Machine Test for testing profile -->
